Writing PID to tmp/pids/thin.3002.pid
Using rack adapter
Thin web server (v1.7.2 codename Bachmanity)
Maximum connections set to 1024
Listening on 0.0.0.0:3002, CTRL+C to stop
Exiting!
Writing PID to tmp/pids/thin.3002.pid
Using rack adapter
Thin web server (v1.7.2 codename Bachmanity)
Maximum connections set to 1024
Listening on 0.0.0.0:3002, CTRL+C to stop
Creating new user...
Creating new user...
Exiting!
Writing PID to tmp/pids/thin.3002.pid
Using rack adapter
Thin web server (v1.7.0 codename Dunder Mifflin)
Maximum connections set to 1024
Listening on 0.0.0.0:3002, CTRL+C to stop
Bearer Optional("BeArErDaTa1@3")
BeArErDaTa1@3
bearer auth succeeded!
Exiting!
Writing PID to tmp/pids/thin.3002.pid
Using rack adapter
Thin web server (v1.7.0 codename Dunder Mifflin)
Maximum connections set to 1024
Listening on 0.0.0.0:3002, CTRL+C to stop
