Writing PID to tmp/pids/thin.3001.pid
Using rack adapter
Thin web server (v1.7.2 codename Bachmanity)
Maximum connections set to 1024
Listening on 0.0.0.0:3001, CTRL+C to stop
Exiting!
Writing PID to tmp/pids/thin.3001.pid
Using rack adapter
Thin web server (v1.7.2 codename Bachmanity)
Maximum connections set to 1024
Listening on 0.0.0.0:3001, CTRL+C to stop
authenticate method called
token:
07bb6462b66f47c8afcd51cb11a52999
student authenticated
Creating new user...
Exiting!
Writing PID to tmp/pids/thin.3001.pid
Using rack adapter
Thin web server (v1.7.0 codename Dunder Mifflin)
Maximum connections set to 1024
Listening on 0.0.0.0:3001, CTRL+C to stop
bearer auth succeeded!
Exiting!
Writing PID to tmp/pids/thin.3001.pid
Using rack adapter
Thin web server (v1.7.0 codename Dunder Mifflin)
Maximum connections set to 1024
Listening on 0.0.0.0:3001, CTRL+C to stop
